<?xml version="1.0" encoding="UTF-8"?>
<!-- Generated by org.testng.reporters.JUnitXMLReporter -->
<testsuite ignored="0" hostname="Diksha" failures="0" tests="2" name="Error Validation Test" time="9.285" errors="0" timestamp="2024-05-07T18:49:07 IST">
  <testcase classname="FrameWorkDesign.Tests.ErrorValidation" name="loginErrorValidation" time="0.458"/>
  <testcase classname="FrameWorkDesign.Tests.ErrorValidation" name="productErrorValidation" time="3.722"/>
</testsuite> <!-- Error Validation Test -->
