<?xml version="1.0" encoding="UTF-8"?>
<!-- Generated by org.testng.reporters.JUnitXMLReporter -->
<testsuite ignored="0" hostname="Diksha" failures="0" tests="3" name="Submit Order Test" time="22.144" errors="0" timestamp="2024-05-07T18:49:20 IST">
  <testcase classname="FrameWorkDesign.Tests.SubmitOrderTest" name="submitOrder" time="7.191"/>
  <testcase classname="FrameWorkDesign.Tests.SubmitOrderTest" name="submitOrder" time="7.135"/>
  <testcase classname="FrameWorkDesign.Tests.SubmitOrderTest" name="verifyOrders" time="0.392"/>
</testsuite> <!-- Submit Order Test -->
