<?xml version="1.0" encoding="UTF-8"?>
<!-- Generated by org.testng.reporters.JUnitXMLReporter -->
<testsuite ignored="1" hostname="Diksha" failures="0" tests="2" name="Submit Order Test" time="30.992" errors="0" timestamp="10 May 2024 12:39:37 GMT">
  <testcase classname="FrameWorkDesign.Tests.SubmitOrderTest" name="submitOrder" time="7.751"/>
  <testcase classname="FrameWorkDesign.Tests.SubmitOrderTest" name="submitOrder" time="7.476"/>
  <testcase classname="FrameWorkDesign.Tests.SubmitOrderTest" name="verifyOrders" time="0.0">
    <ignored/>
  </testcase> <!-- verifyOrders -->
</testsuite> <!-- Submit Order Test -->
