<?xml version="1.0" encoding="UTF-8"?>
<testng-results ignored="3" total="5" passed="2" failed="0" skipped="0">
  <reporter-output>
  </reporter-output>
  <suite started-at="2024-05-10T12:39:06Z" name="Suite" finished-at="2024-05-10T12:39:37Z" duration-ms="31038">
    <groups>
      <group name="Purchase">
        <method signature="SubmitOrderTest.submitOrder(java.util.HashMap)[pri:0, instance:FrameWorkDesign.Tests.SubmitOrderTest@3b8f0a79]" name="submitOrder" class="FrameWorkDesign.Tests.SubmitOrderTest"/>
      </group> <!-- Purchase -->
    </groups>
    <test started-at="2024-05-10T12:39:06Z" name="Submit Order Test" finished-at="2024-05-10T12:39:37Z" duration-ms="30992">
      <class name="FrameWorkDesign.Tests.SubmitOrderTest">
        <test-method is-config="true" signature="launchApplication()[pri:0, instance:FrameWorkDesign.Tests.SubmitOrderTest@3b8f0a79]" started-at="2024-05-10T12:39:07Z" name="launchApplication" finished-at="2024-05-10T12:39:18Z" duration-ms="10889" status="PASS">
          <reporter-output>
          </reporter-output>
        </test-method> <!-- launchApplication -->
        <test-method signature="submitOrder(java.util.HashMap)[pri:0, instance:FrameWorkDesign.Tests.SubmitOrderTest@3b8f0a79]" started-at="2024-05-10T12:39:18Z" name="submitOrder" data-provider="getData" finished-at="2024-05-10T12:39:25Z" duration-ms="7751" status="PASS">
          <params>
            <param index="0">
              <value>
                <![CDATA[{password=Test@123, product=ZARA COAT 3, email=dsk@gmail.com}]]>
              </value>
            </param>
          </params>
          <reporter-output>
          </reporter-output>
        </test-method> <!-- submitOrder -->
        <test-method is-config="true" signature="tearDown()[pri:0, instance:FrameWorkDesign.Tests.SubmitOrderTest@3b8f0a79]" started-at="2024-05-10T12:39:25Z" name="tearDown" finished-at="2024-05-10T12:39:26Z" duration-ms="633" status="PASS">
          <reporter-output>
          </reporter-output>
        </test-method> <!-- tearDown -->
        <test-method is-config="true" signature="launchApplication()[pri:0, instance:FrameWorkDesign.Tests.SubmitOrderTest@3b8f0a79]" started-at="2024-05-10T12:39:26Z" name="launchApplication" finished-at="2024-05-10T12:39:29Z" duration-ms="3082" status="PASS">
          <reporter-output>
          </reporter-output>
        </test-method> <!-- launchApplication -->
        <test-method signature="submitOrder(java.util.HashMap)[pri:0, instance:FrameWorkDesign.Tests.SubmitOrderTest@3b8f0a79]" started-at="2024-05-10T12:39:29Z" name="submitOrder" data-provider="getData" finished-at="2024-05-10T12:39:37Z" duration-ms="7476" status="PASS">
          <params>
            <param index="0">
              <value>
                <![CDATA[{password=Diksha@12, product=ADIDAS ORIGINAL, email=dikshakamdi@123.com}]]>
              </value>
            </param>
          </params>
          <reporter-output>
          </reporter-output>
        </test-method> <!-- submitOrder -->
        <test-method is-config="true" signature="tearDown()[pri:0, instance:FrameWorkDesign.Tests.SubmitOrderTest@3b8f0a79]" started-at="2024-05-10T12:39:37Z" name="tearDown" finished-at="2024-05-10T12:39:37Z" duration-ms="601" status="PASS">
          <reporter-output>
          </reporter-output>
        </test-method> <!-- tearDown -->
      </class> <!-- FrameWorkDesign.Tests.SubmitOrderTest -->
    </test> <!-- Submit Order Test -->
    <test started-at="2024-05-10T12:39:37Z" name="Error Validation Test" finished-at="2024-05-10T12:39:37Z" duration-ms="0">
    </test> <!-- Error Validation Test -->
  </suite> <!-- Suite -->
</testng-results>
