<?xml version="1.0" encoding="UTF-8"?>
<testng-results ignored="0" total="5" passed="5" failed="0" skipped="0">
  <reporter-output>
  </reporter-output>
  <suite started-at="2024-05-07T18:48:57 IST" name="Suite" finished-at="2024-05-07T18:49:20 IST" duration-ms="22144">
    <groups>
      <group name="Purchase">
        <method signature="SubmitOrderTest.submitOrder(java.util.HashMap)[pri:0, instance:FrameWorkDesign.Tests.SubmitOrderTest@7393222f]" name="submitOrder" class="FrameWorkDesign.Tests.SubmitOrderTest"/>
      </group> <!-- Purchase -->
      <group name="Error">
        <method signature="ErrorValidation.loginErrorValidation()[pri:0, instance:FrameWorkDesign.Tests.ErrorValidation@3abada5a]" name="loginErrorValidation" class="FrameWorkDesign.Tests.ErrorValidation"/>
      </group> <!-- Error -->
    </groups>
    <test started-at="2024-05-07T18:48:57 IST" name="Error Validation Test" finished-at="2024-05-07T18:49:07 IST" duration-ms="9285">
      <class name="FrameWorkDesign.Tests.ErrorValidation">
        <test-method is-config="true" signature="launchApplication()[pri:0, instance:FrameWorkDesign.Tests.ErrorValidation@3abada5a]" started-at="2024-05-07T18:48:57 IST" name="launchApplication" finished-at="2024-05-07T18:49:00 IST" duration-ms="2710" status="PASS">
          <reporter-output>
          </reporter-output>
        </test-method> <!-- launchApplication -->
        <test-method signature="loginErrorValidation()[pri:0, instance:FrameWorkDesign.Tests.ErrorValidation@3abada5a]" started-at="2024-05-07T18:49:00 IST" name="loginErrorValidation" finished-at="2024-05-07T18:49:01 IST" duration-ms="458" status="PASS">
          <reporter-output>
          </reporter-output>
        </test-method> <!-- loginErrorValidation -->
        <test-method is-config="true" signature="tearDown()[pri:0, instance:FrameWorkDesign.Tests.ErrorValidation@3abada5a]" started-at="2024-05-07T18:49:01 IST" name="tearDown" finished-at="2024-05-07T18:49:01 IST" duration-ms="120" status="PASS">
          <reporter-output>
          </reporter-output>
        </test-method> <!-- tearDown -->
        <test-method is-config="true" signature="launchApplication()[pri:0, instance:FrameWorkDesign.Tests.ErrorValidation@3abada5a]" started-at="2024-05-07T18:49:01 IST" name="launchApplication" finished-at="2024-05-07T18:49:03 IST" duration-ms="2107" status="PASS">
          <reporter-output>
          </reporter-output>
        </test-method> <!-- launchApplication -->
        <test-method signature="productErrorValidation()[pri:0, instance:FrameWorkDesign.Tests.ErrorValidation@3abada5a]" started-at="2024-05-07T18:49:03 IST" name="productErrorValidation" finished-at="2024-05-07T18:49:07 IST" duration-ms="3722" status="PASS">
          <reporter-output>
          </reporter-output>
        </test-method> <!-- productErrorValidation -->
        <test-method is-config="true" signature="tearDown()[pri:0, instance:FrameWorkDesign.Tests.ErrorValidation@3abada5a]" started-at="2024-05-07T18:49:07 IST" name="tearDown" finished-at="2024-05-07T18:49:07 IST" duration-ms="140" status="PASS">
          <reporter-output>
          </reporter-output>
        </test-method> <!-- tearDown -->
      </class> <!-- FrameWorkDesign.Tests.ErrorValidation -->
    </test> <!-- Error Validation Test -->
    <test started-at="2024-05-07T18:48:57 IST" name="Submit Order Test" finished-at="2024-05-07T18:49:20 IST" duration-ms="22144">
      <class name="FrameWorkDesign.Tests.SubmitOrderTest">
        <test-method is-config="true" signature="launchApplication()[pri:0, instance:FrameWorkDesign.Tests.SubmitOrderTest@7393222f]" started-at="2024-05-07T18:48:58 IST" name="launchApplication" finished-at="2024-05-07T18:49:02 IST" duration-ms="4235" status="PASS">
          <reporter-output>
          </reporter-output>
        </test-method> <!-- launchApplication -->
        <test-method signature="submitOrder(java.util.HashMap)[pri:0, instance:FrameWorkDesign.Tests.SubmitOrderTest@7393222f]" started-at="2024-05-07T18:49:02 IST" name="submitOrder" data-provider="getData" finished-at="2024-05-07T18:49:09 IST" duration-ms="7191" status="PASS">
          <params>
            <param index="0">
              <value>
                <![CDATA[{password=Test@123, product=ZARA COAT 3, email=dsk@gmail.com}]]>
              </value>
            </param>
          </params>
          <reporter-output>
          </reporter-output>
        </test-method> <!-- submitOrder -->
        <test-method is-config="true" signature="tearDown()[pri:0, instance:FrameWorkDesign.Tests.SubmitOrderTest@7393222f]" started-at="2024-05-07T18:49:09 IST" name="tearDown" finished-at="2024-05-07T18:49:09 IST" duration-ms="152" status="PASS">
          <reporter-output>
          </reporter-output>
        </test-method> <!-- tearDown -->
        <test-method is-config="true" signature="launchApplication()[pri:0, instance:FrameWorkDesign.Tests.SubmitOrderTest@7393222f]" started-at="2024-05-07T18:49:09 IST" name="launchApplication" finished-at="2024-05-07T18:49:10 IST" duration-ms="1316" status="PASS">
          <reporter-output>
          </reporter-output>
        </test-method> <!-- launchApplication -->
        <test-method signature="submitOrder(java.util.HashMap)[pri:0, instance:FrameWorkDesign.Tests.SubmitOrderTest@7393222f]" started-at="2024-05-07T18:49:10 IST" name="submitOrder" data-provider="getData" finished-at="2024-05-07T18:49:18 IST" duration-ms="7135" status="PASS">
          <params>
            <param index="0">
              <value>
                <![CDATA[{password=Diksha@12, product=ADIDAS ORIGINAL, email=dikshakamdi@123.com}]]>
              </value>
            </param>
          </params>
          <reporter-output>
          </reporter-output>
        </test-method> <!-- submitOrder -->
        <test-method is-config="true" signature="tearDown()[pri:0, instance:FrameWorkDesign.Tests.SubmitOrderTest@7393222f]" started-at="2024-05-07T18:49:18 IST" name="tearDown" finished-at="2024-05-07T18:49:18 IST" duration-ms="135" status="PASS">
          <reporter-output>
          </reporter-output>
        </test-method> <!-- tearDown -->
        <test-method is-config="true" signature="launchApplication()[pri:0, instance:FrameWorkDesign.Tests.SubmitOrderTest@7393222f]" started-at="2024-05-07T18:49:18 IST" name="launchApplication" finished-at="2024-05-07T18:49:19 IST" duration-ms="1281" status="PASS">
          <reporter-output>
          </reporter-output>
        </test-method> <!-- launchApplication -->
        <test-method signature="verifyOrders()[pri:0, instance:FrameWorkDesign.Tests.SubmitOrderTest@7393222f]" started-at="2024-05-07T18:49:19 IST" name="verifyOrders" finished-at="2024-05-07T18:49:19 IST" depends-on-methods="FrameWorkDesign.Tests.SubmitOrderTest.submitOrder" duration-ms="392" status="PASS">
          <reporter-output>
          </reporter-output>
        </test-method> <!-- verifyOrders -->
        <test-method is-config="true" signature="tearDown()[pri:0, instance:FrameWorkDesign.Tests.SubmitOrderTest@7393222f]" started-at="2024-05-07T18:49:19 IST" name="tearDown" finished-at="2024-05-07T18:49:20 IST" duration-ms="127" status="PASS">
          <reporter-output>
          </reporter-output>
        </test-method> <!-- tearDown -->
      </class> <!-- FrameWorkDesign.Tests.SubmitOrderTest -->
    </test> <!-- Submit Order Test -->
  </suite> <!-- Suite -->
</testng-results>
